[ 2016-05-02T13:18:38+08:00 ] 127.0.0.1 /Home/index.php/Public/code
INFO: [ route_check ] --START--
INFO: Run CheckRoute Behavior [ RunTime:0.032115s ]
INFO: [ route_check ] --END-- [ RunTime:0.032720s ]
INFO: [ app_begin ] --START--
INFO: Run ReadHtmlCache Behavior [ RunTime:0.001126s ]
INFO: [ app_begin ] --END-- [ RunTime:0.001229s ]

[ 2016-05-02T13:20:05+08:00 ] 127.0.0.1 /Home/index.php/Public/code?0.13660393264501636
INFO: [ route_check ] --START--
INFO: Run CheckRoute Behavior [ RunTime:0.000646s ]
INFO: [ route_check ] --END-- [ RunTime:0.000750s ]
INFO: [ app_begin ] --START--
INFO: Run ReadHtmlCache Behavior [ RunTime:0.000523s ]
INFO: [ app_begin ] --END-- [ RunTime:0.000601s ]

[ 2016-05-02T13:20:06+08:00 ] 127.0.0.1 /Home/index.php/Public/code?0.13660393264501636?0.5566121020046417
INFO: [ route_check ] --START--
INFO: Run CheckRoute Behavior [ RunTime:0.000640s ]
INFO: [ route_check ] --END-- [ RunTime:0.000739s ]
INFO: [ app_begin ] --START--
INFO: Run ReadHtmlCache Behavior [ RunTime:0.000522s ]
INFO: [ app_begin ] --END-- [ RunTime:0.000601s ]

[ 2016-05-02T13:20:06+08:00 ] 127.0.0.1 /Home/index.php/Public/code?0.13660393264501636?0.5566121020046417?0.34717935557218627
INFO: [ route_check ] --START--
INFO: Run CheckRoute Behavior [ RunTime:0.000741s ]
INFO: [ route_check ] --END-- [ RunTime:0.000853s ]
INFO: [ app_begin ] --START--
INFO: Run ReadHtmlCache Behavior [ RunTime:0.000878s ]
INFO: [ app_begin ] --END-- [ RunTime:0.000983s ]

[ 2016-05-02T13:20:07+08:00 ] 127.0.0.1 /Home/index.php/Public/code?0.13660393264501636?0.5566121020046417?0.34717935557218627?0.023039886623048345
INFO: [ route_check ] --START--
INFO: Run CheckRoute Behavior [ RunTime:0.000646s ]
INFO: [ route_check ] --END-- [ RunTime:0.000744s ]
INFO: [ app_begin ] --START--
INFO: Run ReadHtmlCache Behavior [ RunTime:0.000501s ]
INFO: [ app_begin ] --END-- [ RunTime:0.000579s ]

[ 2016-05-02T13:20:07+08:00 ] 127.0.0.1 /Home/index.php/Public/code?0.13660393264501636?0.5566121020046417?0.34717935557218627?0.023039886623048345?0.15609423963902613
INFO: [ route_check ] --START--
INFO: Run CheckRoute Behavior [ RunTime:0.000644s ]
INFO: [ route_check ] --END-- [ RunTime:0.000743s ]
INFO: [ app_begin ] --START--
INFO: Run ReadHtmlCache Behavior [ RunTime:0.000498s ]
INFO: [ app_begin ] --END-- [ RunTime:0.000576s ]

[ 2016-05-02T13:20:07+08:00 ] 127.0.0.1 /Home/index.php/Public/code?0.13660393264501636?0.5566121020046417?0.34717935557218627?0.023039886623048345?0.15609423963902613?0.22150801646849527
INFO: [ route_check ] --START--
INFO: Run CheckRoute Behavior [ RunTime:0.000639s ]
INFO: [ route_check ] --END-- [ RunTime:0.000737s ]
INFO: [ app_begin ] --START--
INFO: Run ReadHtmlCache Behavior [ RunTime:0.000501s ]
INFO: [ app_begin ] --END-- [ RunTime:0.000577s ]

[ 2016-05-02T13:23:21+08:00 ] 127.0.0.1 /Home/index.php/Public/code
INFO: [ route_check ] --START--
INFO: Run CheckRoute Behavior [ RunTime:0.002126s ]
INFO: [ route_check ] --END-- [ RunTime:0.002320s ]
INFO: [ app_begin ] --START--
INFO: Run ReadHtmlCache Behavior [ RunTime:0.001428s ]
INFO: [ app_begin ] --END-- [ RunTime:0.001712s ]

[ 2016-05-02T13:23:26+08:00 ] 127.0.0.1 /Home/index.php/Public/code
INFO: [ route_check ] --START--
INFO: Run CheckRoute Behavior [ RunTime:0.001174s ]
INFO: [ route_check ] --END-- [ RunTime:0.001355s ]
INFO: [ app_begin ] --START--
INFO: Run ReadHtmlCache Behavior [ RunTime:0.001109s ]
INFO: [ app_begin ] --END-- [ RunTime:0.001331s ]

[ 2016-05-02T20:36:29+08:00 ] 127.0.0.1 /Home/index.php/Public/code
INFO: [ route_check ] --START--
INFO: Run CheckRoute Behavior [ RunTime:0.155293s ]
INFO: [ route_check ] --END-- [ RunTime:0.187439s ]
INFO: [ app_begin ] --START--
INFO: Run ReadHtmlCache Behavior [ RunTime:0.013475s ]
INFO: [ app_begin ] --END-- [ RunTime:0.013626s ]

[ 2016-05-02T20:40:22+08:00 ] 127.0.0.1 /Home/index.php/Public/code?0.8801454183001933
INFO: [ route_check ] --START--
INFO: Run CheckRoute Behavior [ RunTime:0.004364s ]
INFO: [ route_check ] --END-- [ RunTime:0.004498s ]
INFO: [ app_begin ] --START--
INFO: Run ReadHtmlCache Behavior [ RunTime:0.003321s ]
INFO: [ app_begin ] --END-- [ RunTime:0.003417s ]

[ 2016-05-02T20:41:24+08:00 ] 127.0.0.1 /Home/index.php/Public/code
INFO: [ route_check ] --START--
INFO: Run CheckRoute Behavior [ RunTime:0.002173s ]
INFO: [ route_check ] --END-- [ RunTime:0.002389s ]
INFO: [ app_begin ] --START--
INFO: Run ReadHtmlCache Behavior [ RunTime:0.001281s ]
INFO: [ app_begin ] --END-- [ RunTime:0.001427s ]

[ 2016-05-02T20:42:13+08:00 ] 127.0.0.1 /Home/index.php/Public/code?0.2200313450211886
INFO: [ route_check ] --START--
INFO: Run CheckRoute Behavior [ RunTime:0.000765s ]
INFO: [ route_check ] --END-- [ RunTime:0.000873s ]
INFO: [ app_begin ] --START--
INFO: Run ReadHtmlCache Behavior [ RunTime:0.000565s ]
INFO: [ app_begin ] --END-- [ RunTime:0.000647s ]

[ 2016-05-02T20:42:47+08:00 ] 127.0.0.1 /Home/index.php/Public/code?0.8148811279951951
INFO: [ route_check ] --START--
INFO: Run CheckRoute Behavior [ RunTime:0.002129s ]
INFO: [ route_check ] --END-- [ RunTime:0.002243s ]
INFO: [ app_begin ] --START--
INFO: Run ReadHtmlCache Behavior [ RunTime:0.001870s ]
INFO: [ app_begin ] --END-- [ RunTime:0.001956s ]

[ 2016-05-02T20:43:32+08:00 ] 127.0.0.1 /Home/index.php/Public/code
INFO: [ route_check ] --START--
INFO: Run CheckRoute Behavior [ RunTime:0.001958s ]
INFO: [ route_check ] --END-- [ RunTime:0.002121s ]
INFO: [ app_begin ] --START--
INFO: Run ReadHtmlCache Behavior [ RunTime:0.001295s ]
INFO: [ app_begin ] --END-- [ RunTime:0.001476s ]

[ 2016-05-02T21:01:49+08:00 ] 127.0.0.1 //home/index.php/Admin/adminInfo
INFO: [ route_check ] --START--
INFO: Run CheckRoute Behavior [ RunTime:0.001667s ]
INFO: [ route_check ] --END-- [ RunTime:0.001773s ]
INFO: [ app_begin ] --START--
INFO: Run ReadHtmlCache Behavior [ RunTime:0.001547s ]
INFO: [ app_begin ] --END-- [ RunTime:0.001630s ]
SQL: SHOW COLUMNS FROM `sf_admin` [ RunTime:0.007110s ]
SQL: SELECT `username`,`sex`,`password` FROM `sf_admin`  [ RunTime:0.000231s ]

[ 2016-05-02T21:02:01+08:00 ] 127.0.0.1 /home/index.php/Admin/adminInfo
INFO: [ route_check ] --START--
INFO: Run CheckRoute Behavior [ RunTime:0.002902s ]
INFO: [ route_check ] --END-- [ RunTime:0.003140s ]
INFO: [ app_begin ] --START--
INFO: Run ReadHtmlCache Behavior [ RunTime:0.002625s ]
INFO: [ app_begin ] --END-- [ RunTime:0.002850s ]
SQL: SHOW COLUMNS FROM `sf_admin` [ RunTime:0.013326s ]
SQL: SELECT `username`,`sex`,`password` FROM `sf_admin`  [ RunTime:0.000352s ]

[ 2016-05-02T23:07:41+08:00 ] 127.0.0.1 /Home/index.php/Public/code
INFO: [ route_check ] --START--
INFO: Run CheckRoute Behavior [ RunTime:0.002159s ]
INFO: [ route_check ] --END-- [ RunTime:0.002277s ]
INFO: [ app_begin ] --START--
INFO: Run ReadHtmlCache Behavior [ RunTime:0.001973s ]
INFO: [ app_begin ] --END-- [ RunTime:0.002081s ]

