[ 2016-05-03T00:05:03+08:00 ] 127.0.0.1 /Home/index.php/Public/code
INFO: [ route_check ] --START--
INFO: Run CheckRoute Behavior [ RunTime:0.001840s ]
INFO: [ route_check ] --END-- [ RunTime:0.001954s ]
INFO: [ app_begin ] --START--
INFO: Run ReadHtmlCache Behavior [ RunTime:0.001722s ]
INFO: [ app_begin ] --END-- [ RunTime:0.001858s ]

[ 2016-05-03T00:07:38+08:00 ] 127.0.0.1 /Home/index.php/Public/code
INFO: [ route_check ] --START--
INFO: Run CheckRoute Behavior [ RunTime:0.003452s ]
INFO: [ route_check ] --END-- [ RunTime:0.003633s ]
INFO: [ app_begin ] --START--
INFO: Run ReadHtmlCache Behavior [ RunTime:0.002054s ]
INFO: [ app_begin ] --END-- [ RunTime:0.002168s ]

[ 2016-05-03T00:07:48+08:00 ] 127.0.0.1 /Home/index.php/Public/code?0.5277319363809481
INFO: [ route_check ] --START--
INFO: Run CheckRoute Behavior [ RunTime:0.002199s ]
INFO: [ route_check ] --END-- [ RunTime:0.002317s ]
INFO: [ app_begin ] --START--
INFO: Run ReadHtmlCache Behavior [ RunTime:0.001863s ]
INFO: [ app_begin ] --END-- [ RunTime:0.001960s ]

[ 2016-05-03T00:11:11+08:00 ] 127.0.0.1 /Home/index.php/Public/code
INFO: [ route_check ] --START--
INFO: Run CheckRoute Behavior [ RunTime:0.002680s ]
INFO: [ route_check ] --END-- [ RunTime:0.002817s ]
INFO: [ app_begin ] --START--
INFO: Run ReadHtmlCache Behavior [ RunTime:0.002025s ]
INFO: [ app_begin ] --END-- [ RunTime:0.002143s ]

[ 2016-05-03T00:13:29+08:00 ] 127.0.0.1 /Home/index.php/Public/code
INFO: [ route_check ] --START--
INFO: Run CheckRoute Behavior [ RunTime:0.002046s ]
INFO: [ route_check ] --END-- [ RunTime:0.002166s ]
INFO: [ app_begin ] --START--
INFO: Run ReadHtmlCache Behavior [ RunTime:0.001944s ]
INFO: [ app_begin ] --END-- [ RunTime:0.002055s ]

[ 2016-05-03T00:22:11+08:00 ] 127.0.0.1 /home/index.php/Login/logout
INFO: [ route_check ] --START--
INFO: Run CheckRoute Behavior [ RunTime:0.002028s ]
INFO: [ route_check ] --END-- [ RunTime:0.002142s ]
INFO: [ app_begin ] --START--
INFO: Run ReadHtmlCache Behavior [ RunTime:0.001858s ]
INFO: [ app_begin ] --END-- [ RunTime:0.001938s ]

[ 2016-05-03T00:22:11+08:00 ] 127.0.0.1 /Home/index.php/Public/code
INFO: [ route_check ] --START--
INFO: Run CheckRoute Behavior [ RunTime:0.002187s ]
INFO: [ route_check ] --END-- [ RunTime:0.002331s ]
INFO: [ app_begin ] --START--
INFO: Run ReadHtmlCache Behavior [ RunTime:0.001424s ]
INFO: [ app_begin ] --END-- [ RunTime:0.001526s ]

[ 2016-05-03T00:24:22+08:00 ] 127.0.0.1 /home/index.php/Login/logout
INFO: [ route_check ] --START--
INFO: Run CheckRoute Behavior [ RunTime:0.001735s ]
INFO: [ route_check ] --END-- [ RunTime:0.001840s ]
INFO: [ app_begin ] --START--
INFO: Run ReadHtmlCache Behavior [ RunTime:0.001536s ]
INFO: [ app_begin ] --END-- [ RunTime:0.001629s ]

[ 2016-05-03T00:24:22+08:00 ] 127.0.0.1 /Home/index.php/Public/code
INFO: [ route_check ] --START--
INFO: Run CheckRoute Behavior [ RunTime:0.001997s ]
INFO: [ route_check ] --END-- [ RunTime:0.002129s ]
INFO: [ app_begin ] --START--
INFO: Run ReadHtmlCache Behavior [ RunTime:0.001692s ]
INFO: [ app_begin ] --END-- [ RunTime:0.001802s ]

