[ 2016-04-10T17:25:18+08:00 ] 127.0.0.1 /
INFO: [ app_begin ] --START--
INFO: Run ReadHtmlCache Behavior [ RunTime:0.001561s ]
INFO: [ app_begin ] --END-- [ RunTime:0.002114s ]
INFO: [ view_parse ] --START--
INFO: Run ParseTemplate Behavior [ RunTime:0.030204s ]
INFO: [ view_parse ] --END-- [ RunTime:0.030374s ]
INFO: [ view_filter ] --START--
INFO: Run ContentReplace Behavior [ RunTime:0.000730s ]
INFO: Run TokenBuild Behavior [ RunTime:0.000670s ]
INFO: Run WriteHtmlCache Behavior [ RunTime:0.000558s ]
INFO: Run ShowRuntime Behavior [ RunTime:0.000742s ]
INFO: [ view_filter ] --END-- [ RunTime:0.002916s ]
INFO: [ view_end ] --START--
INFO: Run ShowPageTrace Behavior [ RunTime:0.000865s ]
INFO: [ view_end ] --END-- [ RunTime:0.000948s ]

[ 2016-04-10T17:34:07+08:00 ] 127.0.0.1 /
INFO: [ app_begin ] --START--
INFO: Run ReadHtmlCache Behavior [ RunTime:0.002549s ]
INFO: [ app_begin ] --END-- [ RunTime:0.002670s ]
SQL: SHOW COLUMNS FROM `think_admin` [ RunTime:0.007214s ]
ERR: Table 'softsystem.think_admin' doesn't exist
 [ SQL语句 ] : SHOW COLUMNS FROM `think_admin`
SQL: SELECT * FROM `think_admin`  [ RunTime:0.000347s ]
ERR: Table 'softsystem.think_admin' doesn't exist
 [ SQL语句 ] : SELECT * FROM `think_admin` 

[ 2016-04-10T17:34:23+08:00 ] 127.0.0.1 /
INFO: [ app_begin ] --START--
INFO: Run ReadHtmlCache Behavior [ RunTime:0.002741s ]
INFO: [ app_begin ] --END-- [ RunTime:0.003004s ]
SQL: SHOW COLUMNS FROM `think_admin` [ RunTime:0.006817s ]
ERR: Table 'softsystem.think_admin' doesn't exist
 [ SQL语句 ] : SHOW COLUMNS FROM `think_admin`
SQL: SELECT * FROM `think_admin`  [ RunTime:0.000355s ]
ERR: Table 'softsystem.think_admin' doesn't exist
 [ SQL语句 ] : SELECT * FROM `think_admin` 

[ 2016-04-10T17:34:40+08:00 ] 127.0.0.1 /
INFO: [ app_begin ] --START--
INFO: Run ReadHtmlCache Behavior [ RunTime:0.001597s ]
INFO: [ app_begin ] --END-- [ RunTime:0.001714s ]
SQL: SHOW COLUMNS FROM `think_admin` [ RunTime:0.009385s ]
ERR: Table 'softsystem.think_admin' doesn't exist
 [ SQL语句 ] : SHOW COLUMNS FROM `think_admin`
SQL: SELECT * FROM `think_admin`  [ RunTime:0.000411s ]
ERR: Table 'softsystem.think_admin' doesn't exist
 [ SQL语句 ] : SELECT * FROM `think_admin` 

[ 2016-04-10T17:34:42+08:00 ] 127.0.0.1 /
INFO: [ app_begin ] --START--
INFO: Run ReadHtmlCache Behavior [ RunTime:0.001646s ]
INFO: [ app_begin ] --END-- [ RunTime:0.001789s ]
SQL: SHOW COLUMNS FROM `think_admin` [ RunTime:0.007151s ]
ERR: Table 'softsystem.think_admin' doesn't exist
 [ SQL语句 ] : SHOW COLUMNS FROM `think_admin`
SQL: SELECT * FROM `think_admin`  [ RunTime:0.000312s ]
ERR: Table 'softsystem.think_admin' doesn't exist
 [ SQL语句 ] : SELECT * FROM `think_admin` 

[ 2016-04-10T17:35:09+08:00 ] 127.0.0.1 /
INFO: [ app_begin ] --START--
INFO: Run ReadHtmlCache Behavior [ RunTime:0.001253s ]
INFO: [ app_begin ] --END-- [ RunTime:0.001374s ]
SQL: SHOW COLUMNS FROM `think_admin` [ RunTime:0.071419s ]
ERR: Table 'softsystem.think_admin' doesn't exist
 [ SQL语句 ] : SHOW COLUMNS FROM `think_admin`

[ 2016-04-10T17:35:40+08:00 ] 127.0.0.1 /
INFO: [ app_begin ] --START--
INFO: Run ReadHtmlCache Behavior [ RunTime:0.001289s ]
INFO: [ app_begin ] --END-- [ RunTime:0.001405s ]
SQL: SHOW COLUMNS FROM `think_admin` [ RunTime:0.006840s ]
ERR: Table 'softsystem.think_admin' doesn't exist
 [ SQL语句 ] : SHOW COLUMNS FROM `think_admin`
SQL: SELECT * FROM `think_admin`  [ RunTime:0.000421s ]
ERR: Table 'softsystem.think_admin' doesn't exist
 [ SQL语句 ] : SELECT * FROM `think_admin` 

[ 2016-04-10T17:36:35+08:00 ] 127.0.0.1 /
INFO: [ app_begin ] --START--
INFO: Run ReadHtmlCache Behavior [ RunTime:0.001162s ]
INFO: [ app_begin ] --END-- [ RunTime:0.001271s ]
SQL: SHOW COLUMNS FROM `think_admin` [ RunTime:0.027880s ]
ERR: Table 'softsystem.think_admin' doesn't exist
 [ SQL语句 ] : SHOW COLUMNS FROM `think_admin`
SQL: SELECT * FROM `think_admin`  [ RunTime:0.000373s ]
ERR: Table 'softsystem.think_admin' doesn't exist
 [ SQL语句 ] : SELECT * FROM `think_admin` 

[ 2016-04-10T17:36:36+08:00 ] 127.0.0.1 /
INFO: [ app_begin ] --START--
INFO: Run ReadHtmlCache Behavior [ RunTime:0.001159s ]
INFO: [ app_begin ] --END-- [ RunTime:0.001266s ]
SQL: SHOW COLUMNS FROM `think_admin` [ RunTime:0.007010s ]
ERR: Table 'softsystem.think_admin' doesn't exist
 [ SQL语句 ] : SHOW COLUMNS FROM `think_admin`
SQL: SELECT * FROM `think_admin`  [ RunTime:0.000401s ]
ERR: Table 'softsystem.think_admin' doesn't exist
 [ SQL语句 ] : SELECT * FROM `think_admin` 

[ 2016-04-10T17:36:36+08:00 ] 127.0.0.1 /
INFO: [ app_begin ] --START--
INFO: Run ReadHtmlCache Behavior [ RunTime:0.001990s ]
INFO: [ app_begin ] --END-- [ RunTime:0.002149s ]
SQL: SHOW COLUMNS FROM `think_admin` [ RunTime:0.007653s ]
ERR: Table 'softsystem.think_admin' doesn't exist
 [ SQL语句 ] : SHOW COLUMNS FROM `think_admin`
SQL: SELECT * FROM `think_admin`  [ RunTime:0.000445s ]
ERR: Table 'softsystem.think_admin' doesn't exist
 [ SQL语句 ] : SELECT * FROM `think_admin` 

[ 2016-04-10T17:43:01+08:00 ] 127.0.0.1 /
INFO: [ app_begin ] --START--
INFO: Run ReadHtmlCache Behavior [ RunTime:0.002718s ]
INFO: [ app_begin ] --END-- [ RunTime:0.003067s ]
SQL: SHOW COLUMNS FROM `think_my_admin` [ RunTime:0.009006s ]
ERR: Table 'softsystem.think_my_admin' doesn't exist
 [ SQL语句 ] : SHOW COLUMNS FROM `think_my_admin`
SQL: SELECT * FROM `think_my_admin`  [ RunTime:0.000352s ]
ERR: Table 'softsystem.think_my_admin' doesn't exist
 [ SQL语句 ] : SELECT * FROM `think_my_admin` 

[ 2016-04-10T17:43:12+08:00 ] 127.0.0.1 /
INFO: [ app_begin ] --START--
INFO: Run ReadHtmlCache Behavior [ RunTime:0.001330s ]
INFO: [ app_begin ] --END-- [ RunTime:0.001446s ]
SQL: SHOW COLUMNS FROM `think_my_admin` [ RunTime:0.008630s ]
ERR: Table 'softsystem.think_my_admin' doesn't exist
 [ SQL语句 ] : SHOW COLUMNS FROM `think_my_admin`

[ 2016-04-10T17:43:28+08:00 ] 127.0.0.1 /
INFO: [ app_begin ] --START--
INFO: Run ReadHtmlCache Behavior [ RunTime:0.001589s ]
INFO: [ app_begin ] --END-- [ RunTime:0.001751s ]
SQL: SHOW COLUMNS FROM `think_my_admin` [ RunTime:0.008939s ]
ERR: Table 'softsystem.think_my_admin' doesn't exist
 [ SQL语句 ] : SHOW COLUMNS FROM `think_my_admin`

[ 2016-04-10T17:43:29+08:00 ] 127.0.0.1 /
INFO: [ app_begin ] --START--
INFO: Run ReadHtmlCache Behavior [ RunTime:0.001350s ]
INFO: [ app_begin ] --END-- [ RunTime:0.001488s ]
SQL: SHOW COLUMNS FROM `think_my_admin` [ RunTime:0.009953s ]
ERR: Table 'softsystem.think_my_admin' doesn't exist
 [ SQL语句 ] : SHOW COLUMNS FROM `think_my_admin`

[ 2016-04-10T17:43:29+08:00 ] 127.0.0.1 /
INFO: [ app_begin ] --START--
INFO: Run ReadHtmlCache Behavior [ RunTime:0.001471s ]
INFO: [ app_begin ] --END-- [ RunTime:0.001657s ]
SQL: SHOW COLUMNS FROM `think_my_admin` [ RunTime:0.007036s ]
ERR: Table 'softsystem.think_my_admin' doesn't exist
 [ SQL语句 ] : SHOW COLUMNS FROM `think_my_admin`

[ 2016-04-10T17:43:39+08:00 ] 127.0.0.1 /
INFO: [ app_begin ] --START--
INFO: Run ReadHtmlCache Behavior [ RunTime:0.001257s ]
INFO: [ app_begin ] --END-- [ RunTime:0.001378s ]
SQL: SHOW COLUMNS FROM `think_my_admin` [ RunTime:0.008565s ]
ERR: Table 'softsystem.think_my_admin' doesn't exist
 [ SQL语句 ] : SHOW COLUMNS FROM `think_my_admin`

[ 2016-04-10T17:44:24+08:00 ] 127.0.0.1 /
INFO: [ app_begin ] --START--
INFO: Run ReadHtmlCache Behavior [ RunTime:0.002479s ]
INFO: [ app_begin ] --END-- [ RunTime:0.002809s ]
SQL: SHOW COLUMNS FROM `think_my_admin` [ RunTime:0.008256s ]
ERR: Table 'softsystem.think_my_admin' doesn't exist
 [ SQL语句 ] : SHOW COLUMNS FROM `think_my_admin`

[ 2016-04-10T17:45:13+08:00 ] 127.0.0.1 /
INFO: [ app_begin ] --START--
INFO: Run ReadHtmlCache Behavior [ RunTime:0.001588s ]
INFO: [ app_begin ] --END-- [ RunTime:0.001714s ]
SQL: SHOW COLUMNS FROM `think_my_admin` [ RunTime:0.007803s ]
ERR: Table 'softsystem.think_my_admin' doesn't exist
 [ SQL语句 ] : SHOW COLUMNS FROM `think_my_admin`
SQL: SELECT * FROM `think_my_admin`  [ RunTime:0.000341s ]
ERR: Table 'softsystem.think_my_admin' doesn't exist
 [ SQL语句 ] : SELECT * FROM `think_my_admin` 

[ 2016-04-10T17:45:14+08:00 ] 127.0.0.1 /
INFO: [ app_begin ] --START--
INFO: Run ReadHtmlCache Behavior [ RunTime:0.001279s ]
INFO: [ app_begin ] --END-- [ RunTime:0.001407s ]
SQL: SHOW COLUMNS FROM `think_my_admin` [ RunTime:0.007937s ]
ERR: Table 'softsystem.think_my_admin' doesn't exist
 [ SQL语句 ] : SHOW COLUMNS FROM `think_my_admin`
SQL: SELECT * FROM `think_my_admin`  [ RunTime:0.000362s ]
ERR: Table 'softsystem.think_my_admin' doesn't exist
 [ SQL语句 ] : SELECT * FROM `think_my_admin` 

[ 2016-04-10T17:45:14+08:00 ] 127.0.0.1 /
INFO: [ app_begin ] --START--
INFO: Run ReadHtmlCache Behavior [ RunTime:0.003382s ]
INFO: [ app_begin ] --END-- [ RunTime:0.003648s ]
SQL: SHOW COLUMNS FROM `think_my_admin` [ RunTime:0.008175s ]
ERR: Table 'softsystem.think_my_admin' doesn't exist
 [ SQL语句 ] : SHOW COLUMNS FROM `think_my_admin`
SQL: SELECT * FROM `think_my_admin`  [ RunTime:0.000521s ]
ERR: Table 'softsystem.think_my_admin' doesn't exist
 [ SQL语句 ] : SELECT * FROM `think_my_admin` 

[ 2016-04-10T17:45:15+08:00 ] 127.0.0.1 /
INFO: [ app_begin ] --START--
INFO: Run ReadHtmlCache Behavior [ RunTime:0.002385s ]
INFO: [ app_begin ] --END-- [ RunTime:0.002570s ]
SQL: SHOW COLUMNS FROM `think_my_admin` [ RunTime:0.009447s ]
ERR: Table 'softsystem.think_my_admin' doesn't exist
 [ SQL语句 ] : SHOW COLUMNS FROM `think_my_admin`
SQL: SELECT * FROM `think_my_admin`  [ RunTime:0.000331s ]
ERR: Table 'softsystem.think_my_admin' doesn't exist
 [ SQL语句 ] : SELECT * FROM `think_my_admin` 

[ 2016-04-10T22:03:55+08:00 ] 127.0.0.1 /
INFO: [ app_begin ] --START--
INFO: Run ReadHtmlCache Behavior [ RunTime:0.001990s ]
INFO: [ app_begin ] --END-- [ RunTime:0.008106s ]
SQL: SHOW COLUMNS FROM `think_my_admin` [ RunTime:0.032270s ]
ERR: Table 'softsystem.think_my_admin' doesn't exist
 [ SQL语句 ] : SHOW COLUMNS FROM `think_my_admin`
SQL: SELECT * FROM `think_my_admin`  [ RunTime:0.000377s ]
ERR: Table 'softsystem.think_my_admin' doesn't exist
 [ SQL语句 ] : SELECT * FROM `think_my_admin` 

[ 2016-04-10T22:09:20+08:00 ] ERR: (ThinkException) Unknown database 'softsystem'
[ 2016-04-10T22:10:00+08:00 ] 127.0.0.1 /
INFO: [ app_begin ] --START--
INFO: Run ReadHtmlCache Behavior [ RunTime:0.002011s ]
INFO: [ app_begin ] --END-- [ RunTime:0.002144s ]
SQL: SHOW COLUMNS FROM `think_my_admin` [ RunTime:0.007253s ]
ERR: Table 'softsystem.think_my_admin' doesn't exist
 [ SQL语句 ] : SHOW COLUMNS FROM `think_my_admin`
SQL: SELECT * FROM `think_my_admin`  [ RunTime:0.000403s ]
ERR: Table 'softsystem.think_my_admin' doesn't exist
 [ SQL语句 ] : SELECT * FROM `think_my_admin` 

[ 2016-04-10T22:15:28+08:00 ] 127.0.0.1 /
INFO: [ app_begin ] --START--
INFO: Run ReadHtmlCache Behavior [ RunTime:0.002190s ]
INFO: [ app_begin ] --END-- [ RunTime:0.002314s ]
SQL: SHOW COLUMNS FROM `sf_my_admin` [ RunTime:0.006990s ]
ERR: Table 'softsystem.sf_my_admin' doesn't exist
 [ SQL语句 ] : SHOW COLUMNS FROM `sf_my_admin`
SQL: SELECT * FROM `sf_my_admin`  [ RunTime:0.000367s ]
ERR: Table 'softsystem.sf_my_admin' doesn't exist
 [ SQL语句 ] : SELECT * FROM `sf_my_admin` 

[ 2016-04-10T22:15:30+08:00 ] 127.0.0.1 /
INFO: [ app_begin ] --START--
INFO: Run ReadHtmlCache Behavior [ RunTime:0.002043s ]
INFO: [ app_begin ] --END-- [ RunTime:0.002161s ]
SQL: SHOW COLUMNS FROM `sf_my_admin` [ RunTime:0.006984s ]
ERR: Table 'softsystem.sf_my_admin' doesn't exist
 [ SQL语句 ] : SHOW COLUMNS FROM `sf_my_admin`
SQL: SELECT * FROM `sf_my_admin`  [ RunTime:0.000345s ]
ERR: Table 'softsystem.sf_my_admin' doesn't exist
 [ SQL语句 ] : SELECT * FROM `sf_my_admin` 

[ 2016-04-10T22:19:04+08:00 ] 127.0.0.1 /
INFO: [ app_begin ] --START--
INFO: Run ReadHtmlCache Behavior [ RunTime:0.002095s ]
INFO: [ app_begin ] --END-- [ RunTime:0.002215s ]
SQL: SHOW COLUMNS FROM `sf_sf_admin` [ RunTime:0.008327s ]
ERR: Table 'softsystem.sf_sf_admin' doesn't exist
 [ SQL语句 ] : SHOW COLUMNS FROM `sf_sf_admin`
SQL: SELECT * FROM `sf_sf_admin`  [ RunTime:0.000385s ]
ERR: Table 'softsystem.sf_sf_admin' doesn't exist
 [ SQL语句 ] : SELECT * FROM `sf_sf_admin` 

[ 2016-04-10T22:19:05+08:00 ] 127.0.0.1 /
INFO: [ app_begin ] --START--
INFO: Run ReadHtmlCache Behavior [ RunTime:0.001802s ]
INFO: [ app_begin ] --END-- [ RunTime:0.001906s ]
SQL: SHOW COLUMNS FROM `sf_sf_admin` [ RunTime:0.007660s ]
ERR: Table 'softsystem.sf_sf_admin' doesn't exist
 [ SQL语句 ] : SHOW COLUMNS FROM `sf_sf_admin`
SQL: SELECT * FROM `sf_sf_admin`  [ RunTime:0.000345s ]
ERR: Table 'softsystem.sf_sf_admin' doesn't exist
 [ SQL语句 ] : SELECT * FROM `sf_sf_admin` 

[ 2016-04-10T22:19:07+08:00 ] 127.0.0.1 /
INFO: [ app_begin ] --START--
INFO: Run ReadHtmlCache Behavior [ RunTime:0.001962s ]
INFO: [ app_begin ] --END-- [ RunTime:0.002073s ]
SQL: SHOW COLUMNS FROM `sf_sf_admin` [ RunTime:0.006993s ]
ERR: Table 'softsystem.sf_sf_admin' doesn't exist
 [ SQL语句 ] : SHOW COLUMNS FROM `sf_sf_admin`
SQL: SELECT * FROM `sf_sf_admin`  [ RunTime:0.000341s ]
ERR: Table 'softsystem.sf_sf_admin' doesn't exist
 [ SQL语句 ] : SELECT * FROM `sf_sf_admin` 

[ 2016-04-10T22:19:36+08:00 ] 127.0.0.1 /
INFO: [ app_begin ] --START--
INFO: Run ReadHtmlCache Behavior [ RunTime:0.001271s ]
INFO: [ app_begin ] --END-- [ RunTime:0.001403s ]
SQL: SHOW COLUMNS FROM `sf_sf_admin` [ RunTime:0.007408s ]
ERR: Table 'softsystem.sf_sf_admin' doesn't exist
 [ SQL语句 ] : SHOW COLUMNS FROM `sf_sf_admin`
SQL: SELECT * FROM `sf_sf_admin`  [ RunTime:0.000354s ]
ERR: Table 'softsystem.sf_sf_admin' doesn't exist
 [ SQL语句 ] : SELECT * FROM `sf_sf_admin` 

[ 2016-04-10T22:19:37+08:00 ] 127.0.0.1 /
INFO: [ app_begin ] --START--
INFO: Run ReadHtmlCache Behavior [ RunTime:0.000574s ]
INFO: [ app_begin ] --END-- [ RunTime:0.000668s ]
SQL: SHOW COLUMNS FROM `sf_sf_admin` [ RunTime:0.007406s ]
ERR: Table 'softsystem.sf_sf_admin' doesn't exist
 [ SQL语句 ] : SHOW COLUMNS FROM `sf_sf_admin`
SQL: SELECT * FROM `sf_sf_admin`  [ RunTime:0.000343s ]
ERR: Table 'softsystem.sf_sf_admin' doesn't exist
 [ SQL语句 ] : SELECT * FROM `sf_sf_admin` 

[ 2016-04-10T22:19:37+08:00 ] 127.0.0.1 /
INFO: [ app_begin ] --START--
INFO: Run ReadHtmlCache Behavior [ RunTime:0.000564s ]
INFO: [ app_begin ] --END-- [ RunTime:0.000667s ]
SQL: SHOW COLUMNS FROM `sf_sf_admin` [ RunTime:0.009008s ]
ERR: Table 'softsystem.sf_sf_admin' doesn't exist
 [ SQL语句 ] : SHOW COLUMNS FROM `sf_sf_admin`
SQL: SELECT * FROM `sf_sf_admin`  [ RunTime:0.000492s ]
ERR: Table 'softsystem.sf_sf_admin' doesn't exist
 [ SQL语句 ] : SELECT * FROM `sf_sf_admin` 

[ 2016-04-10T22:19:37+08:00 ] 127.0.0.1 /
INFO: [ app_begin ] --START--
INFO: Run ReadHtmlCache Behavior [ RunTime:0.000568s ]
INFO: [ app_begin ] --END-- [ RunTime:0.000706s ]
SQL: SHOW COLUMNS FROM `sf_sf_admin` [ RunTime:0.006781s ]
ERR: Table 'softsystem.sf_sf_admin' doesn't exist
 [ SQL语句 ] : SHOW COLUMNS FROM `sf_sf_admin`
SQL: SELECT * FROM `sf_sf_admin`  [ RunTime:0.000352s ]
ERR: Table 'softsystem.sf_sf_admin' doesn't exist
 [ SQL语句 ] : SELECT * FROM `sf_sf_admin` 

[ 2016-04-10T22:21:30+08:00 ] 127.0.0.1 /
INFO: [ app_begin ] --START--
INFO: Run ReadHtmlCache Behavior [ RunTime:0.000595s ]
INFO: [ app_begin ] --END-- [ RunTime:0.000705s ]
SQL: SHOW COLUMNS FROM `sf_admin` [ RunTime:0.008552s ]
SQL: SELECT * FROM `sf_admin`  [ RunTime:0.000207s ]

[ 2016-04-10T22:21:55+08:00 ] 127.0.0.1 /
INFO: [ app_begin ] --START--
INFO: Run ReadHtmlCache Behavior [ RunTime:0.001101s ]
INFO: [ app_begin ] --END-- [ RunTime:0.001196s ]
SQL: SHOW COLUMNS FROM `sf_admin` [ RunTime:0.007104s ]
SQL: SELECT * FROM `sf_admin`  [ RunTime:0.000255s ]

[ 2016-04-10T22:22:14+08:00 ] 127.0.0.1 /
INFO: [ app_begin ] --START--
INFO: Run ReadHtmlCache Behavior [ RunTime:0.000550s ]
INFO: [ app_begin ] --END-- [ RunTime:0.000650s ]
SQL: SHOW COLUMNS FROM `sf_admin` [ RunTime:0.007914s ]
SQL: SELECT * FROM `sf_admin`  [ RunTime:0.000265s ]

